# JRE version: Java(TM) SE Runtime Environment (13.0.2+8) (build 13.0.2+8)
# Java VM: Java HotSpot(TM) 64-Bit Server VM (13.0.2+8, mixed mode, sharing, tiered, compressed oops, g1 gc, windows-amd64)
Heap:
 garbage-first heap   total 45056K, used 25465K [0x0000000084c00000, 0x0000000100000000)
  region size 1024K, 5 young (5120K), 2 survivors (2048K)
 Metaspace       used 51178K, capacity 52490K, committed 52556K, reserved 1095680K
  class space    used 6802K, capacity 7291K, committed 7296K, reserved 1048576K
GC Heap History (20 events):
Event: 8.730 GC heap before
{Heap before GC invocations=16 (full 0):
 garbage-first heap   total 45056K, used 34329K [0x0000000084c00000, 0x0000000100000000)
  region size 1024K, 20 young (20480K), 1 survivors (1024K)
 Metaspace       used 32056K, capacity 33089K, committed 33152K, reserved 1077248K
  class space    used 4028K, capacity 4437K, committed 4480K, reserved 1048576K
}
Event: 8.732 GC heap after
{Heap after GC invocations=17 (full 0):
 garbage-first heap   total 45056K, used 16987K [0x0000000084c00000, 0x0000000100000000)
  region size 1024K, 2 young (2048K), 2 survivors (2048K)
 Metaspace       used 32056K, capacity 33089K, committed 33152K, reserved 1077248K
  class space    used 4028K, capacity 4437K, committed 4480K, reserved 1048576K
}
Event: 9.431 GC heap before
{Heap before GC invocations=17 (full 0):
 garbage-first heap   total 45056K, used 35419K [0x0000000084c00000, 0x0000000100000000)
  region size 1024K, 20 young (20480K), 2 survivors (2048K)
 Metaspace       used 34433K, capacity 35447K, committed 35584K, reserved 1079296K
  class space    used 4398K, capacity 4815K, committed 4864K, reserved 1048576K
}
Event: 9.434 GC heap after
{Heap after GC invocations=18 (full 0):
 garbage-first heap   total 45056K, used 18044K [0x0000000084c00000, 0x0000000100000000)
  region size 1024K, 3 young (3072K), 3 survivors (3072K)
 Metaspace       used 34433K, capacity 35447K, committed 35584K, reserved 1079296K
  class space    used 4398K, capacity 4815K, committed 4864K, reserved 1048576K
}
Event: 9.500 GC heap before
{Heap before GC invocations=18 (full 0):
 garbage-first heap   total 45056K, used 19068K [0x0000000084c00000, 0x0000000100000000)
  region size 1024K, 5 young (5120K), 3 survivors (3072K)
 Metaspace       used 34774K, capacity 35829K, committed 35840K, reserved 1081344K
  class space    used 4455K, capacity 4856K, committed 4864K, reserved 1048576K
}
Event: 9.503 GC heap after
{Heap after GC invocations=19 (full 0):
 garbage-first heap   total 45056K, used 18333K [0x0000000084c00000, 0x0000000100000000)
  region size 1024K, 2 young (2048K), 2 survivors (2048K)
 Metaspace       used 34774K, capacity 35829K, committed 35840K, reserved 1081344K
  class space    used 4455K, capacity 4856K, committed 4864K, reserved 1048576K
}
Event: 9.883 GC heap before
{Heap before GC invocations=20 (full 0):
 garbage-first heap   total 45056K, used 29597K [0x0000000084c00000, 0x0000000100000000)
  region size 1024K, 14 young (14336K), 2 survivors (2048K)
 Metaspace       used 37514K, capacity 38534K, committed 38860K, reserved 1083392K
  class space    used 4886K, capacity 5288K, committed 5376K, reserved 1048576K
}
Event: 9.886 GC heap after
{Heap after GC invocations=21 (full 0):
 garbage-first heap   total 45056K, used 18953K [0x0000000084c00000, 0x0000000100000000)
  region size 1024K, 1 young (1024K), 1 survivors (1024K)
 Metaspace       used 37514K, capacity 38534K, committed 38860K, reserved 1083392K
  class space    used 4886K, capacity 5288K, committed 5376K, reserved 1048576K
}
Event: 10.574 GC heap before
{Heap before GC invocations=21 (full 0):
 garbage-first heap   total 45056K, used 32265K [0x0000000084c00000, 0x0000000100000000)
  region size 1024K, 14 young (14336K), 1 survivors (1024K)
 Metaspace       used 40297K, capacity 41327K, committed 41420K, reserved 1085440K
  class space    used 5207K, capacity 5622K, committed 5632K, reserved 1048576K
}
Event: 10.576 GC heap after
{Heap after GC invocations=22 (full 0):
 garbage-first heap   total 45056K, used 20994K [0x0000000084c00000, 0x0000000100000000)
  region size 1024K, 2 young (2048K), 2 survivors (2048K)
 Metaspace       used 40297K, capacity 41327K, committed 41420K, reserved 1085440K
  class space    used 5207K, capacity 5622K, committed 5632K, reserved 1048576K
}
Event: 10.891 GC heap before
{Heap before GC invocations=22 (full 0):
 garbage-first heap   total 45056K, used 32258K [0x0000000084c00000, 0x0000000100000000)
  region size 1024K, 13 young (13312K), 2 survivors (2048K)
 Metaspace       used 42731K, capacity 43765K, committed 43852K, reserved 1087488K
  class space    used 5529K, capacity 5944K, committed 6016K, reserved 1048576K
}
Event: 10.893 GC heap after
{Heap after GC invocations=23 (full 0):
 garbage-first heap   total 45056K, used 21664K [0x0000000084c00000, 0x0000000100000000)
  region size 1024K, 1 young (1024K), 1 survivors (1024K)
 Metaspace       used 42731K, capacity 43765K, committed 43852K, reserved 1087488K
  class space    used 5529K, capacity 5944K, committed 6016K, reserved 1048576K
}
Event: 11.110 GC heap before
{Heap before GC invocations=24 (full 0):
 garbage-first heap   total 45056K, used 31904K [0x0000000084c00000, 0x0000000100000000)
  region size 1024K, 12 young (12288K), 1 survivors (1024K)
 Metaspace       used 44633K, capacity 45749K, committed 45900K, reserved 1089536K
  class space    used 5778K, capacity 6222K, committed 6272K, reserved 1048576K
}
Event: 11.112 GC heap after
{Heap after GC invocations=25 (full 0):
 garbage-first heap   total 45056K, used 21942K [0x0000000084c00000, 0x0000000100000000)
  region size 1024K, 1 young (1024K), 1 survivors (1024K)
 Metaspace       used 44633K, capacity 45749K, committed 45900K, reserved 1089536K
  class space    used 5778K, capacity 6222K, committed 6272K, reserved 1048576K
}
Event: 11.493 GC heap before
{Heap before GC invocations=25 (full 0):
 garbage-first heap   total 45056K, used 33206K [0x0000000084c00000, 0x0000000100000000)
  region size 1024K, 12 young (12288K), 1 survivors (1024K)
 Metaspace       used 46864K, capacity 48043K, committed 48204K, reserved 1091584K
  class space    used 6214K, capacity 6682K, committed 6784K, reserved 1048576K
}
Event: 11.496 GC heap after
{Heap after GC invocations=26 (full 0):
 garbage-first heap   total 45056K, used 22336K [0x0000000084c00000, 0x0000000100000000)
  region size 1024K, 2 young (2048K), 2 survivors (2048K)
 Metaspace       used 46864K, capacity 48043K, committed 48204K, reserved 1091584K
  class space    used 6214K, capacity 6682K, committed 6784K, reserved 1048576K
}
Event: 11.711 GC heap before
{Heap before GC invocations=27 (full 0):
 garbage-first heap   total 45056K, used 32576K [0x0000000084c00000, 0x0000000100000000)
  region size 1024K, 12 young (12288K), 2 survivors (2048K)
 Metaspace       used 48914K, capacity 50134K, committed 50252K, reserved 1093632K
  class space    used 6501K, capacity 6974K, committed 7040K, reserved 1048576K
}
Event: 11.714 GC heap after
{Heap after GC invocations=28 (full 0):
 garbage-first heap   total 45056K, used 22746K [0x0000000084c00000, 0x0000000100000000)
  region size 1024K, 2 young (2048K), 2 survivors (2048K)
 Metaspace       used 48914K, capacity 50134K, committed 50252K, reserved 1093632K
  class space    used 6501K, capacity 6974K, committed 7040K, reserved 1048576K
}
Event: 12.077 GC heap before
{Heap before GC invocations=28 (full 0):
 garbage-first heap   total 45056K, used 34010K [0x0000000084c00000, 0x0000000100000000)
  region size 1024K, 13 young (13312K), 2 survivors (2048K)
 Metaspace       used 50991K, capacity 52331K, committed 52556K, reserved 1095680K
  class space    used 6772K, capacity 7282K, committed 7296K, reserved 1048576K
}
Event: 12.081 GC heap after
{Heap after GC invocations=29 (full 0):
 garbage-first heap   total 45056K, used 23417K [0x0000000084c00000, 0x0000000100000000)
  region size 1024K, 2 young (2048K), 2 survivors (2048K)
 Metaspace       used 50991K, capacity 52331K, committed 52556K, reserved 1095680K
  class space    used 6772K, capacity 7282K, committed 7296K, reserved 1048576K
}

