# JRE version: Java(TM) SE Runtime Environment (13.0.2+8) (build 13.0.2+8)
# Java VM: Java HotSpot(TM) 64-Bit Server VM (13.0.2+8, mixed mode, sharing, tiered, compressed oops, g1 gc, windows-amd64)
Heap:
 garbage-first heap   total 126976K, used 72429K [0x0000000084c00000, 0x0000000100000000)
  region size 1024K, 66 young (67584K), 2 survivors (2048K)
 Metaspace       used 18129K, capacity 18650K, committed 18688K, reserved 1064960K
  class space    used 2335K, capacity 2525K, committed 2560K, reserved 1048576K
GC Heap History (8 events):
Event: 0.404 GC heap before
{Heap before GC invocations=0 (full 0):
 garbage-first heap   total 126976K, used 15360K [0x0000000084c00000, 0x0000000100000000)
  region size 1024K, 14 young (14336K), 0 survivors (0K)
 Metaspace       used 2620K, capacity 5515K, committed 5760K, reserved 1056768K
  class space    used 251K, capacity 518K, committed 640K, reserved 1048576K
}
Event: 0.409 GC heap after
{Heap after GC invocations=1 (full 0):
 garbage-first heap   total 126976K, used 6224K [0x0000000084c00000, 0x0000000100000000)
  region size 1024K, 2 young (2048K), 2 survivors (2048K)
 Metaspace       used 2620K, capacity 5515K, committed 5760K, reserved 1056768K
  class space    used 251K, capacity 518K, committed 640K, reserved 1048576K
}
Event: 0.545 GC heap before
{Heap before GC invocations=1 (full 0):
 garbage-first heap   total 126976K, used 17488K [0x0000000084c00000, 0x0000000100000000)
  region size 1024K, 14 young (14336K), 2 survivors (2048K)
 Metaspace       used 4606K, capacity 6604K, committed 6912K, reserved 1056768K
  class space    used 493K, capacity 694K, committed 768K, reserved 1048576K
}
Event: 0.548 GC heap after
{Heap after GC invocations=2 (full 0):
 garbage-first heap   total 126976K, used 6895K [0x0000000084c00000, 0x0000000100000000)
  region size 1024K, 1 young (1024K), 1 survivors (1024K)
 Metaspace       used 4606K, capacity 6604K, committed 6912K, reserved 1056768K
  class space    used 493K, capacity 694K, committed 768K, reserved 1048576K
}
Event: 0.556 GC heap before
{Heap before GC invocations=2 (full 0):
 garbage-first heap   total 126976K, used 31471K [0x0000000084c00000, 0x0000000100000000)
  region size 1024K, 26 young (26624K), 1 survivors (1024K)
 Metaspace       used 4606K, capacity 6604K, committed 6912K, reserved 1056768K
  class space    used 493K, capacity 694K, committed 768K, reserved 1048576K
}
Event: 0.557 GC heap after
{Heap after GC invocations=3 (full 0):
 garbage-first heap   total 126976K, used 6885K [0x0000000084c00000, 0x0000000100000000)
  region size 1024K, 1 young (1024K), 1 survivors (1024K)
 Metaspace       used 4606K, capacity 6604K, committed 6912K, reserved 1056768K
  class space    used 493K, capacity 694K, committed 768K, reserved 1048576K
}
Event: 0.823 GC heap before
{Heap before GC invocations=3 (full 0):
 garbage-first heap   total 126976K, used 45797K [0x0000000084c00000, 0x0000000100000000)
  region size 1024K, 40 young (40960K), 1 survivors (1024K)
 Metaspace       used 8856K, capacity 9758K, committed 9984K, reserved 1058816K
  class space    used 1072K, capacity 1196K, committed 1280K, reserved 1048576K
}
Event: 0.824 GC heap after
{Heap after GC invocations=4 (full 0):
 garbage-first heap   total 126976K, used 7917K [0x0000000084c00000, 0x0000000100000000)
  region size 1024K, 2 young (2048K), 2 survivors (2048K)
 Metaspace       used 8856K, capacity 9758K, committed 9984K, reserved 1058816K
  class space    used 1072K, capacity 1196K, committed 1280K, reserved 1048576K
}

