# JRE version: Java(TM) SE Runtime Environment (13.0.2+8) (build 13.0.2+8)
# Java VM: Java HotSpot(TM) 64-Bit Server VM (13.0.2+8, mixed mode, sharing, tiered, compressed oops, g1 gc, windows-amd64)
Heap:
 garbage-first heap   total 71680K, used 40746K [0x0000000084c00000, 0x0000000100000000)
  region size 1024K, 17 young (17408K), 2 survivors (2048K)
 Metaspace       used 59488K, capacity 60986K, committed 61136K, reserved 1101824K
  class space    used 7769K, capacity 8337K, committed 8400K, reserved 1048576K
GC Heap History (20 events):
Event: 3.968 GC heap before
{Heap before GC invocations=16 (full 0):
 garbage-first heap   total 49152K, used 36325K [0x0000000084c00000, 0x0000000100000000)
  region size 1024K, 23 young (23552K), 2 survivors (2048K)
 Metaspace       used 33151K, capacity 34157K, committed 34428K, reserved 1079296K
  class space    used 4185K, capacity 4579K, committed 4732K, reserved 1048576K
}
Event: 3.973 GC heap after
{Heap after GC invocations=17 (full 0):
 garbage-first heap   total 49152K, used 17026K [0x0000000084c00000, 0x0000000100000000)
  region size 1024K, 3 young (3072K), 3 survivors (3072K)
 Metaspace       used 33151K, capacity 34157K, committed 34428K, reserved 1079296K
  class space    used 4185K, capacity 4579K, committed 4732K, reserved 1048576K
}
Event: 4.155 GC heap before
{Heap before GC invocations=17 (full 0):
 garbage-first heap   total 49152K, used 29314K [0x0000000084c00000, 0x0000000100000000)
  region size 1024K, 16 young (16384K), 3 survivors (3072K)
 Metaspace       used 34827K, capacity 35861K, committed 35964K, reserved 1081344K
  class space    used 4472K, capacity 4889K, committed 4988K, reserved 1048576K
}
Event: 4.158 GC heap after
{Heap after GC invocations=18 (full 0):
 garbage-first heap   total 49152K, used 17815K [0x0000000084c00000, 0x0000000100000000)
  region size 1024K, 2 young (2048K), 2 survivors (2048K)
 Metaspace       used 34827K, capacity 35861K, committed 35964K, reserved 1081344K
  class space    used 4472K, capacity 4889K, committed 4988K, reserved 1048576K
}
Event: 4.576 GC heap before
{Heap before GC invocations=19 (full 0):
 garbage-first heap   total 49152K, used 36247K [0x0000000084c00000, 0x0000000100000000)
  region size 1024K, 21 young (21504K), 2 survivors (2048K)
 Metaspace       used 38997K, capacity 40062K, committed 40316K, reserved 1083392K
  class space    used 5055K, capacity 5458K, committed 5500K, reserved 1048576K
}
Event: 4.581 GC heap after
{Heap after GC invocations=20 (full 0):
 garbage-first heap   total 49152K, used 19886K [0x0000000084c00000, 0x0000000100000000)
  region size 1024K, 3 young (3072K), 3 survivors (3072K)
 Metaspace       used 38997K, capacity 40062K, committed 40316K, reserved 1083392K
  class space    used 5055K, capacity 5458K, committed 5500K, reserved 1048576K
}
Event: 4.907 GC heap before
{Heap before GC invocations=20 (full 0):
 garbage-first heap   total 49152K, used 38318K [0x0000000084c00000, 0x0000000100000000)
  region size 1024K, 21 young (21504K), 3 survivors (3072K)
 Metaspace       used 42733K, capacity 43867K, committed 43900K, reserved 1087488K
  class space    used 5548K, capacity 5979K, committed 6012K, reserved 1048576K
}
Event: 4.910 GC heap after
{Heap after GC invocations=21 (full 0):
 garbage-first heap   total 59392K, used 21242K [0x0000000084c00000, 0x0000000100000000)
  region size 1024K, 2 young (2048K), 2 survivors (2048K)
 Metaspace       used 42733K, capacity 43867K, committed 43900K, reserved 1087488K
  class space    used 5548K, capacity 5979K, committed 6012K, reserved 1048576K
}
Event: 5.236 GC heap before
{Heap before GC invocations=21 (full 0):
 garbage-first heap   total 59392K, used 40698K [0x0000000084c00000, 0x0000000100000000)
  region size 1024K, 22 young (22528K), 2 survivors (2048K)
 Metaspace       used 46487K, capacity 47630K, committed 47868K, reserved 1091584K
  class space    used 6156K, capacity 6588K, committed 6652K, reserved 1048576K
}
Event: 5.239 GC heap after
{Heap after GC invocations=22 (full 0):
 garbage-first heap   total 59392K, used 21885K [0x0000000084c00000, 0x0000000100000000)
  region size 1024K, 2 young (2048K), 2 survivors (2048K)
 Metaspace       used 46487K, capacity 47630K, committed 47868K, reserved 1091584K
  class space    used 6156K, capacity 6588K, committed 6652K, reserved 1048576K
}
Event: 5.609 GC heap before
{Heap before GC invocations=22 (full 0):
 garbage-first heap   total 59392K, used 43389K [0x0000000084c00000, 0x0000000100000000)
  region size 1024K, 23 young (23552K), 2 survivors (2048K)
 Metaspace       used 50375K, capacity 51668K, committed 51836K, reserved 1093632K
  class space    used 6695K, capacity 7190K, committed 7292K, reserved 1048576K
}
Event: 5.612 GC heap after
{Heap after GC invocations=23 (full 0):
 garbage-first heap   total 59392K, used 22933K [0x0000000084c00000, 0x0000000100000000)
  region size 1024K, 2 young (2048K), 2 survivors (2048K)
 Metaspace       used 50375K, capacity 51668K, committed 51836K, reserved 1093632K
  class space    used 6695K, capacity 7190K, committed 7292K, reserved 1048576K
}
Event: 5.871 GC heap before
{Heap before GC invocations=23 (full 0):
 garbage-first heap   total 59392K, used 44437K [0x0000000084c00000, 0x0000000100000000)
  region size 1024K, 23 young (23552K), 2 survivors (2048K)
 Metaspace       used 52169K, capacity 53557K, committed 53884K, reserved 1095680K
  class space    used 6915K, capacity 7448K, committed 7548K, reserved 1048576K
}
Event: 5.874 GC heap after
{Heap after GC invocations=24 (full 0):
 garbage-first heap   total 59392K, used 24533K [0x0000000084c00000, 0x0000000100000000)
  region size 1024K, 3 young (3072K), 3 survivors (3072K)
 Metaspace       used 52169K, capacity 53557K, committed 53884K, reserved 1095680K
  class space    used 6915K, capacity 7448K, committed 7548K, reserved 1048576K
}
Event: 6.283 GC heap before
{Heap before GC invocations=24 (full 0):
 garbage-first heap   total 59392K, used 45013K [0x0000000084c00000, 0x0000000100000000)
  region size 1024K, 23 young (23552K), 3 survivors (3072K)
 Metaspace       used 54189K, capacity 55673K, committed 55932K, reserved 1097728K
  class space    used 7179K, capacity 7746K, committed 7804K, reserved 1048576K
}
Event: 6.289 GC heap after
{Heap after GC invocations=25 (full 0):
 garbage-first heap   total 71680K, used 25619K [0x0000000084c00000, 0x0000000100000000)
  region size 1024K, 2 young (2048K), 2 survivors (2048K)
 Metaspace       used 54189K, capacity 55673K, committed 55932K, reserved 1097728K
  class space    used 7179K, capacity 7746K, committed 7804K, reserved 1048576K
}
Event: 17.056 GC heap before
{Heap before GC invocations=25 (full 0):
 garbage-first heap   total 71680K, used 50195K [0x0000000084c00000, 0x0000000100000000)
  region size 1024K, 27 young (27648K), 2 survivors (2048K)
 Metaspace       used 58766K, capacity 60236K, committed 60368K, reserved 1101824K
  class space    used 7716K, capacity 8301K, committed 8400K, reserved 1048576K
}
Event: 17.059 GC heap after
{Heap after GC invocations=26 (full 0):
 garbage-first heap   total 71680K, used 26411K [0x0000000084c00000, 0x0000000100000000)
  region size 1024K, 2 young (2048K), 2 survivors (2048K)
 Metaspace       used 58766K, capacity 60236K, committed 60368K, reserved 1101824K
  class space    used 7716K, capacity 8301K, committed 8400K, reserved 1048576K
}
Event: 17.062 GC heap before
{Heap before GC invocations=26 (full 0):
 garbage-first heap   total 71680K, used 26411K [0x0000000084c00000, 0x0000000100000000)
  region size 1024K, 3 young (3072K), 2 survivors (2048K)
 Metaspace       used 58819K, capacity 60236K, committed 60368K, reserved 1101824K
  class space    used 7725K, capacity 8301K, committed 8400K, reserved 1048576K
}
Event: 17.065 GC heap after
{Heap after GC invocations=27 (full 0):
 garbage-first heap   total 71680K, used 26410K [0x0000000084c00000, 0x0000000100000000)
  region size 1024K, 2 young (2048K), 2 survivors (2048K)
 Metaspace       used 58819K, capacity 60236K, committed 60368K, reserved 1101824K
  class space    used 7725K, capacity 8301K, committed 8400K, reserved 1048576K
}

