# JRE version: Java(TM) SE Runtime Environment (13.0.2+8) (build 13.0.2+8)
# Java VM: Java HotSpot(TM) 64-Bit Server VM (13.0.2+8, mixed mode, sharing, tiered, compressed oops, g1 gc, windows-amd64)
Heap:
 garbage-first heap   total 84992K, used 65177K [0x0000000084c00000, 0x0000000100000000)
  region size 1024K, 32 young (32768K), 3 survivors (3072K)
 Metaspace       used 59798K, capacity 61351K, committed 61520K, reserved 1101824K
  class space    used 7833K, capacity 8455K, committed 8528K, reserved 1048576K
GC Heap History (20 events):
Event: 4.020 GC heap before
{Heap before GC invocations=14 (full 0):
 garbage-first heap   total 58368K, used 41491K [0x0000000084c00000, 0x0000000100000000)
  region size 1024K, 28 young (28672K), 2 survivors (2048K)
 Metaspace       used 30844K, capacity 31843K, committed 31996K, reserved 1077248K
  class space    used 3902K, capacity 4300K, committed 4348K, reserved 1048576K
}
Event: 4.023 GC heap after
{Heap after GC invocations=15 (full 0):
 garbage-first heap   total 58368K, used 16346K [0x0000000084c00000, 0x0000000100000000)
  region size 1024K, 3 young (3072K), 3 survivors (3072K)
 Metaspace       used 30844K, capacity 31843K, committed 31996K, reserved 1077248K
  class space    used 3902K, capacity 4300K, committed 4348K, reserved 1048576K
}
Event: 4.310 GC heap before
{Heap before GC invocations=15 (full 0):
 garbage-first heap   total 58368K, used 41946K [0x0000000084c00000, 0x0000000100000000)
  region size 1024K, 29 young (29696K), 3 survivors (3072K)
 Metaspace       used 34177K, capacity 35253K, committed 35580K, reserved 1079296K
  class space    used 4348K, capacity 4750K, committed 4860K, reserved 1048576K
}
Event: 4.315 GC heap after
{Heap after GC invocations=16 (full 0):
 garbage-first heap   total 58368K, used 18107K [0x0000000084c00000, 0x0000000100000000)
  region size 1024K, 3 young (3072K), 3 survivors (3072K)
 Metaspace       used 34177K, capacity 35253K, committed 35580K, reserved 1079296K
  class space    used 4348K, capacity 4750K, committed 4860K, reserved 1048576K
}
Event: 4.400 GC heap before
{Heap before GC invocations=16 (full 0):
 garbage-first heap   total 58368K, used 22203K [0x0000000084c00000, 0x0000000100000000)
  region size 1024K, 8 young (8192K), 3 survivors (3072K)
 Metaspace       used 34819K, capacity 35859K, committed 35964K, reserved 1081344K
  class space    used 4465K, capacity 4887K, committed 4988K, reserved 1048576K
}
Event: 4.404 GC heap after
{Heap after GC invocations=17 (full 0):
 garbage-first heap   total 58368K, used 18358K [0x0000000084c00000, 0x0000000100000000)
  region size 1024K, 2 young (2048K), 2 survivors (2048K)
 Metaspace       used 34819K, capacity 35859K, committed 35964K, reserved 1081344K
  class space    used 4465K, capacity 4887K, committed 4988K, reserved 1048576K
}
Event: 4.881 GC heap before
{Heap before GC invocations=18 (full 0):
 garbage-first heap   total 58368K, used 38838K [0x0000000084c00000, 0x0000000100000000)
  region size 1024K, 23 young (23552K), 2 survivors (2048K)
 Metaspace       used 39496K, capacity 40514K, committed 40700K, reserved 1085440K
  class space    used 5121K, capacity 5522K, committed 5628K, reserved 1048576K
}
Event: 4.885 GC heap after
{Heap after GC invocations=19 (full 0):
 garbage-first heap   total 58368K, used 20496K [0x0000000084c00000, 0x0000000100000000)
  region size 1024K, 3 young (3072K), 3 survivors (3072K)
 Metaspace       used 39496K, capacity 40514K, committed 40700K, reserved 1085440K
  class space    used 5121K, capacity 5522K, committed 5628K, reserved 1048576K
}
Event: 5.211 GC heap before
{Heap before GC invocations=19 (full 0):
 garbage-first heap   total 58368K, used 40976K [0x0000000084c00000, 0x0000000100000000)
  region size 1024K, 23 young (23552K), 3 survivors (3072K)
 Metaspace       used 43334K, capacity 44382K, committed 44540K, reserved 1087488K
  class space    used 5625K, capacity 6043K, committed 6140K, reserved 1048576K
}
Event: 5.215 GC heap after
{Heap after GC invocations=20 (full 0):
 garbage-first heap   total 70656K, used 22013K [0x0000000084c00000, 0x0000000100000000)
  region size 1024K, 2 young (2048K), 2 survivors (2048K)
 Metaspace       used 43334K, capacity 44382K, committed 44540K, reserved 1087488K
  class space    used 5625K, capacity 6043K, committed 6140K, reserved 1048576K
}
Event: 5.661 GC heap before
{Heap before GC invocations=20 (full 0):
 garbage-first heap   total 70656K, used 47613K [0x0000000084c00000, 0x0000000100000000)
  region size 1024K, 27 young (27648K), 2 survivors (2048K)
 Metaspace       used 48179K, capacity 49342K, committed 49404K, reserved 1091584K
  class space    used 6409K, capacity 6880K, committed 6908K, reserved 1048576K
}
Event: 5.664 GC heap after
{Heap after GC invocations=21 (full 0):
 garbage-first heap   total 70656K, used 22654K [0x0000000084c00000, 0x0000000100000000)
  region size 1024K, 3 young (3072K), 3 survivors (3072K)
 Metaspace       used 48179K, capacity 49342K, committed 49404K, reserved 1091584K
  class space    used 6409K, capacity 6880K, committed 6908K, reserved 1048576K
}
Event: 6.061 GC heap before
{Heap before GC invocations=21 (full 0):
 garbage-first heap   total 70656K, used 49278K [0x0000000084c00000, 0x0000000100000000)
  region size 1024K, 29 young (29696K), 3 survivors (3072K)
 Metaspace       used 51769K, capacity 53047K, committed 53244K, reserved 1095680K
  class space    used 6857K, capacity 7348K, committed 7420K, reserved 1048576K
}
Event: 6.064 GC heap after
{Heap after GC invocations=22 (full 0):
 garbage-first heap   total 70656K, used 24400K [0x0000000084c00000, 0x0000000100000000)
  region size 1024K, 3 young (3072K), 3 survivors (3072K)
 Metaspace       used 51769K, capacity 53047K, committed 53244K, reserved 1095680K
  class space    used 6857K, capacity 7348K, committed 7420K, reserved 1048576K
}
Event: 6.536 GC heap before
{Heap before GC invocations=22 (full 0):
 garbage-first heap   total 70656K, used 51024K [0x0000000084c00000, 0x0000000100000000)
  region size 1024K, 29 young (29696K), 3 survivors (3072K)
 Metaspace       used 54895K, capacity 56351K, committed 56572K, reserved 1097728K
  class space    used 7248K, capacity 7796K, committed 7932K, reserved 1048576K
}
Event: 6.540 GC heap after
{Heap after GC invocations=23 (full 0):
 garbage-first heap   total 70656K, used 25945K [0x0000000084c00000, 0x0000000100000000)
  region size 1024K, 4 young (4096K), 4 survivors (4096K)
 Metaspace       used 54895K, capacity 56351K, committed 56572K, reserved 1097728K
  class space    used 7248K, capacity 7796K, committed 7932K, reserved 1048576K
}
Event: 29.175 GC heap before
{Heap before GC invocations=23 (full 0):
 garbage-first heap   total 70656K, used 50521K [0x0000000084c00000, 0x0000000100000000)
  region size 1024K, 30 young (30720K), 4 survivors (4096K)
 Metaspace       used 58767K, capacity 60248K, committed 60368K, reserved 1101824K
  class space    used 7718K, capacity 8304K, committed 8400K, reserved 1048576K
}
Event: 29.181 GC heap after
{Heap after GC invocations=24 (full 0):
 garbage-first heap   total 84992K, used 26832K [0x0000000084c00000, 0x0000000100000000)
  region size 1024K, 3 young (3072K), 3 survivors (3072K)
 Metaspace       used 58767K, capacity 60248K, committed 60368K, reserved 1101824K
  class space    used 7718K, capacity 8304K, committed 8400K, reserved 1048576K
}
Event: 623.782 GC heap before
{Heap before GC invocations=25 (full 0):
 garbage-first heap   total 84992K, used 65744K [0x0000000084c00000, 0x0000000100000000)
  region size 1024K, 36 young (36864K), 3 survivors (3072K)
 Metaspace       used 59639K, capacity 61200K, committed 61520K, reserved 1101824K
  class space    used 7827K, capacity 8449K, committed 8528K, reserved 1048576K
}
Event: 623.854 GC heap after
{Heap after GC invocations=26 (full 0):
 garbage-first heap   total 84992K, used 27289K [0x0000000084c00000, 0x0000000100000000)
  region size 1024K, 3 young (3072K), 3 survivors (3072K)
 Metaspace       used 59639K, capacity 61200K, committed 61520K, reserved 1101824K
  class space    used 7827K, capacity 8449K, committed 8528K, reserved 1048576K
}

