# JRE version: Java(TM) SE Runtime Environment (13.0.2+8) (build 13.0.2+8)
# Java VM: Java HotSpot(TM) 64-Bit Server VM (13.0.2+8, mixed mode, sharing, tiered, compressed oops, g1 gc, windows-amd64)
Heap:
 garbage-first heap   total 70656K, used 34311K [0x0000000084c00000, 0x0000000100000000)
  region size 1024K, 10 young (10240K), 2 survivors (2048K)
 Metaspace       used 59632K, capacity 61134K, committed 61336K, reserved 1101824K
  class space    used 7903K, capacity 8470K, committed 8576K, reserved 1048576K
GC Heap History (20 events):
Event: 4.086 GC heap before
{Heap before GC invocations=12 (full 0):
 garbage-first heap   total 58368K, used 44523K [0x0000000084c00000, 0x0000000100000000)
  region size 1024K, 31 young (31744K), 2 survivors (2048K)
 Metaspace       used 29744K, capacity 30804K, committed 30848K, reserved 1075200K
  class space    used 3790K, capacity 4207K, committed 4224K, reserved 1048576K
}
Event: 4.088 GC heap after
{Heap after GC invocations=13 (full 0):
 garbage-first heap   total 58368K, used 16127K [0x0000000084c00000, 0x0000000100000000)
  region size 1024K, 3 young (3072K), 3 survivors (3072K)
 Metaspace       used 29744K, capacity 30804K, committed 30848K, reserved 1075200K
  class space    used 3790K, capacity 4207K, committed 4224K, reserved 1048576K
}
Event: 4.135 GC heap before
{Heap before GC invocations=13 (full 0):
 garbage-first heap   total 58368K, used 43775K [0x0000000084c00000, 0x0000000100000000)
  region size 1024K, 31 young (31744K), 3 survivors (3072K)
 Metaspace       used 29758K, capacity 30804K, committed 30848K, reserved 1075200K
  class space    used 3790K, capacity 4207K, committed 4224K, reserved 1048576K
}
Event: 4.137 GC heap after
{Heap after GC invocations=14 (full 0):
 garbage-first heap   total 58368K, used 16016K [0x0000000084c00000, 0x0000000100000000)
  region size 1024K, 1 young (1024K), 1 survivors (1024K)
 Metaspace       used 29758K, capacity 30804K, committed 30848K, reserved 1075200K
  class space    used 3790K, capacity 4207K, committed 4224K, reserved 1048576K
}
Event: 4.586 GC heap before
{Heap before GC invocations=14 (full 0):
 garbage-first heap   total 58368K, used 46736K [0x0000000084c00000, 0x0000000100000000)
  region size 1024K, 31 young (31744K), 1 survivors (1024K)
 Metaspace       used 33216K, capacity 34252K, committed 34432K, reserved 1079296K
  class space    used 4198K, capacity 4609K, committed 4736K, reserved 1048576K
}
Event: 4.588 GC heap after
{Heap after GC invocations=15 (full 0):
 garbage-first heap   total 58368K, used 17405K [0x0000000084c00000, 0x0000000100000000)
  region size 1024K, 3 young (3072K), 3 survivors (3072K)
 Metaspace       used 33216K, capacity 34252K, committed 34432K, reserved 1079296K
  class space    used 4198K, capacity 4609K, committed 4736K, reserved 1048576K
}
Event: 4.733 GC heap before
{Heap before GC invocations=15 (full 0):
 garbage-first heap   total 58368K, used 27645K [0x0000000084c00000, 0x0000000100000000)
  region size 1024K, 14 young (14336K), 3 survivors (3072K)
 Metaspace       used 34732K, capacity 35687K, committed 35840K, reserved 1081344K
  class space    used 4466K, capacity 4852K, committed 4864K, reserved 1048576K
}
Event: 4.736 GC heap after
{Heap after GC invocations=16 (full 0):
 garbage-first heap   total 58368K, used 18139K [0x0000000084c00000, 0x0000000100000000)
  region size 1024K, 3 young (3072K), 3 survivors (3072K)
 Metaspace       used 34732K, capacity 35687K, committed 35840K, reserved 1081344K
  class space    used 4466K, capacity 4852K, committed 4864K, reserved 1048576K
}
Event: 5.306 GC heap before
{Heap before GC invocations=17 (full 0):
 garbage-first heap   total 58368K, used 46811K [0x0000000084c00000, 0x0000000100000000)
  region size 1024K, 31 young (31744K), 3 survivors (3072K)
 Metaspace       used 40197K, capacity 41418K, committed 41548K, reserved 1085440K
  class space    used 5229K, capacity 5694K, committed 5760K, reserved 1048576K
}
Event: 5.312 GC heap after
{Heap after GC invocations=18 (full 0):
 garbage-first heap   total 58368K, used 20681K [0x0000000084c00000, 0x0000000100000000)
  region size 1024K, 4 young (4096K), 4 survivors (4096K)
 Metaspace       used 40197K, capacity 41418K, committed 41548K, reserved 1085440K
  class space    used 5229K, capacity 5694K, committed 5760K, reserved 1048576K
}
Event: 5.715 GC heap before
{Heap before GC invocations=18 (full 0):
 garbage-first heap   total 58368K, used 45257K [0x0000000084c00000, 0x0000000100000000)
  region size 1024K, 29 young (29696K), 4 survivors (4096K)
 Metaspace       used 44684K, capacity 45883K, committed 45900K, reserved 1089536K
  class space    used 5815K, capacity 6265K, committed 6272K, reserved 1048576K
}
Event: 5.719 GC heap after
{Heap after GC invocations=19 (full 0):
 garbage-first heap   total 70656K, used 22413K [0x0000000084c00000, 0x0000000100000000)
  region size 1024K, 2 young (2048K), 2 survivors (2048K)
 Metaspace       used 44684K, capacity 45883K, committed 45900K, reserved 1089536K
  class space    used 5815K, capacity 6265K, committed 6272K, reserved 1048576K
}
Event: 6.303 GC heap before
{Heap before GC invocations=19 (full 0):
 garbage-first heap   total 70656K, used 54157K [0x0000000084c00000, 0x0000000100000000)
  region size 1024K, 33 young (33792K), 2 survivors (2048K)
 Metaspace       used 51134K, capacity 52346K, committed 52556K, reserved 1095680K
  class space    used 6781K, capacity 7242K, committed 7296K, reserved 1048576K
}
Event: 6.306 GC heap after
{Heap after GC invocations=20 (full 0):
 garbage-first heap   total 70656K, used 23339K [0x0000000084c00000, 0x0000000100000000)
  region size 1024K, 3 young (3072K), 3 survivors (3072K)
 Metaspace       used 51134K, capacity 52346K, committed 52556K, reserved 1095680K
  class space    used 6781K, capacity 7242K, committed 7296K, reserved 1048576K
}
Event: 6.840 GC heap before
{Heap before GC invocations=20 (full 0):
 garbage-first heap   total 70656K, used 54059K [0x0000000084c00000, 0x0000000100000000)
  region size 1024K, 34 young (34816K), 3 survivors (3072K)
 Metaspace       used 53908K, capacity 55314K, committed 55628K, reserved 1097728K
  class space    used 7150K, capacity 7689K, committed 7808K, reserved 1048576K
}
Event: 6.847 GC heap after
{Heap after GC invocations=21 (full 0):
 garbage-first heap   total 70656K, used 25538K [0x0000000084c00000, 0x0000000100000000)
  region size 1024K, 5 young (5120K), 5 survivors (5120K)
 Metaspace       used 53908K, capacity 55314K, committed 55628K, reserved 1097728K
  class space    used 7150K, capacity 7689K, committed 7808K, reserved 1048576K
}
Event: 7.458 GC heap before
{Heap before GC invocations=21 (full 0):
 garbage-first heap   total 70656K, used 56258K [0x0000000084c00000, 0x0000000100000000)
  region size 1024K, 35 young (35840K), 5 survivors (5120K)
 Metaspace       used 57759K, capacity 59231K, committed 59468K, reserved 1099776K
  class space    used 7661K, capacity 8241K, committed 8320K, reserved 1048576K
}
Event: 7.463 GC heap after
{Heap after GC invocations=22 (full 0):
 garbage-first heap   total 70656K, used 27109K [0x0000000084c00000, 0x0000000100000000)
  region size 1024K, 4 young (4096K), 4 survivors (4096K)
 Metaspace       used 57759K, capacity 59231K, committed 59468K, reserved 1099776K
  class space    used 7661K, capacity 8241K, committed 8320K, reserved 1048576K
}
Event: 34.480 GC heap before
{Heap before GC invocations=22 (full 0):
 garbage-first heap   total 70656K, used 38373K [0x0000000084c00000, 0x0000000100000000)
  region size 1024K, 16 young (16384K), 4 survivors (4096K)
 Metaspace       used 58657K, capacity 60118K, committed 60288K, reserved 1101824K
  class space    used 7767K, capacity 8365K, committed 8448K, reserved 1048576K
}
Event: 34.483 GC heap after
{Heap after GC invocations=23 (full 0):
 garbage-first heap   total 70656K, used 27143K [0x0000000084c00000, 0x0000000100000000)
  region size 1024K, 2 young (2048K), 2 survivors (2048K)
 Metaspace       used 58657K, capacity 60118K, committed 60288K, reserved 1101824K
  class space    used 7767K, capacity 8365K, committed 8448K, reserved 1048576K
}

