# JRE version: Java(TM) SE Runtime Environment (13.0.2+8) (build 13.0.2+8)
# Java VM: Java HotSpot(TM) 64-Bit Server VM (13.0.2+8, mixed mode, sharing, tiered, compressed oops, g1 gc, windows-amd64)
Heap:
 garbage-first heap   total 78848K, used 55429K [0x0000000084c00000, 0x0000000100000000)
  region size 1024K, 34 young (34816K), 3 survivors (3072K)
 Metaspace       used 62824K, capacity 64483K, committed 64588K, reserved 1105920K
  class space    used 8174K, capacity 8765K, committed 8832K, reserved 1048576K
GC Heap History (20 events):
Event: 5.130 GC heap before
{Heap before GC invocations=15 (full 0):
 garbage-first heap   total 54272K, used 43032K [0x0000000084c00000, 0x0000000100000000)
  region size 1024K, 29 young (29696K), 3 survivors (3072K)
 Metaspace       used 40514K, capacity 41596K, committed 41804K, reserved 1085440K
  class space    used 5240K, capacity 5652K, committed 5760K, reserved 1048576K
}
Event: 5.134 GC heap after
{Heap after GC invocations=16 (full 0):
 garbage-first heap   total 65536K, used 19975K [0x0000000084c00000, 0x0000000100000000)
  region size 1024K, 4 young (4096K), 4 survivors (4096K)
 Metaspace       used 40514K, capacity 41596K, committed 41804K, reserved 1085440K
  class space    used 5240K, capacity 5652K, committed 5760K, reserved 1048576K
}
Event: 5.613 GC heap before
{Heap before GC invocations=16 (full 0):
 garbage-first heap   total 65536K, used 50695K [0x0000000084c00000, 0x0000000100000000)
  region size 1024K, 34 young (34816K), 4 survivors (4096K)
 Metaspace       used 46224K, capacity 47320K, committed 47564K, reserved 1089536K
  class space    used 6116K, capacity 6552K, committed 6656K, reserved 1048576K
}
Event: 5.621 GC heap after
{Heap after GC invocations=17 (full 0):
 garbage-first heap   total 65536K, used 21442K [0x0000000084c00000, 0x0000000100000000)
  region size 1024K, 4 young (4096K), 4 survivors (4096K)
 Metaspace       used 46224K, capacity 47320K, committed 47564K, reserved 1089536K
  class space    used 6116K, capacity 6552K, committed 6656K, reserved 1048576K
}
Event: 6.189 GC heap before
{Heap before GC invocations=17 (full 0):
 garbage-first heap   total 65536K, used 50114K [0x0000000084c00000, 0x0000000100000000)
  region size 1024K, 33 young (33792K), 4 survivors (4096K)
 Metaspace       used 51150K, capacity 52360K, committed 52556K, reserved 1095680K
  class space    used 6788K, capacity 7294K, committed 7296K, reserved 1048576K
}
Event: 6.193 GC heap after
{Heap after GC invocations=18 (full 0):
 garbage-first heap   total 65536K, used 23200K [0x0000000084c00000, 0x0000000100000000)
  region size 1024K, 3 young (3072K), 3 survivors (3072K)
 Metaspace       used 51150K, capacity 52360K, committed 52556K, reserved 1095680K
  class space    used 6788K, capacity 7294K, committed 7296K, reserved 1048576K
}
Event: 6.648 GC heap before
{Heap before GC invocations=18 (full 0):
 garbage-first heap   total 65536K, used 51872K [0x0000000084c00000, 0x0000000100000000)
  region size 1024K, 31 young (31744K), 3 survivors (3072K)
 Metaspace       used 53290K, capacity 54688K, committed 54988K, reserved 1097728K
  class space    used 7063K, capacity 7592K, committed 7680K, reserved 1048576K
}
Event: 6.653 GC heap after
{Heap after GC invocations=19 (full 0):
 garbage-first heap   total 65536K, used 25019K [0x0000000084c00000, 0x0000000100000000)
  region size 1024K, 4 young (4096K), 4 survivors (4096K)
 Metaspace       used 53290K, capacity 54688K, committed 54988K, reserved 1097728K
  class space    used 7063K, capacity 7592K, committed 7680K, reserved 1048576K
}
Event: 9.761 GC heap before
{Heap before GC invocations=19 (full 0):
 garbage-first heap   total 65536K, used 50619K [0x0000000084c00000, 0x0000000100000000)
  region size 1024K, 30 young (30720K), 4 survivors (4096K)
 Metaspace       used 58052K, capacity 59554K, committed 59596K, reserved 1101824K
  class space    used 7646K, capacity 8188K, committed 8192K, reserved 1048576K
}
Event: 9.767 GC heap after
{Heap after GC invocations=20 (full 0):
 garbage-first heap   total 78848K, used 26363K [0x0000000084c00000, 0x0000000100000000)
  region size 1024K, 4 young (4096K), 4 survivors (4096K)
 Metaspace       used 58052K, capacity 59554K, committed 59596K, reserved 1101824K
  class space    used 7646K, capacity 8188K, committed 8192K, reserved 1048576K
}
Event: 9.782 GC heap before
{Heap before GC invocations=20 (full 0):
 garbage-first heap   total 78848K, used 26363K [0x0000000084c00000, 0x0000000100000000)
  region size 1024K, 5 young (5120K), 4 survivors (4096K)
 Metaspace       used 58677K, capacity 60133K, committed 60236K, reserved 1101824K
  class space    used 7698K, capacity 8253K, committed 8320K, reserved 1048576K
}
Event: 9.786 GC heap after
{Heap after GC invocations=21 (full 0):
 garbage-first heap   total 78848K, used 26614K [0x0000000084c00000, 0x0000000100000000)
  region size 1024K, 2 young (2048K), 2 survivors (2048K)
 Metaspace       used 58677K, capacity 60133K, committed 60236K, reserved 1101824K
  class space    used 7698K, capacity 8253K, committed 8320K, reserved 1048576K
}
Event: 1087.922 GC heap before
{Heap before GC invocations=22 (full 0):
 garbage-first heap   total 78848K, used 58358K [0x0000000084c00000, 0x0000000100000000)
  region size 1024K, 34 young (34816K), 2 survivors (2048K)
 Metaspace       used 62186K, capacity 63730K, committed 63948K, reserved 1103872K
  class space    used 8129K, capacity 8696K, committed 8704K, reserved 1048576K
}
Event: 1087.926 GC heap after
{Heap after GC invocations=23 (full 0):
 garbage-first heap   total 78848K, used 28005K [0x0000000084c00000, 0x0000000100000000)
  region size 1024K, 4 young (4096K), 4 survivors (4096K)
 Metaspace       used 62186K, capacity 63730K, committed 63948K, reserved 1103872K
  class space    used 8129K, capacity 8696K, committed 8704K, reserved 1048576K
}
Event: 2343.724 GC heap before
{Heap before GC invocations=23 (full 0):
 garbage-first heap   total 78848K, used 58725K [0x0000000084c00000, 0x0000000100000000)
  region size 1024K, 35 young (35840K), 4 survivors (4096K)
 Metaspace       used 62398K, capacity 63966K, committed 64076K, reserved 1103872K
  class space    used 8162K, capacity 8752K, committed 8832K, reserved 1048576K
}
Event: 2343.764 GC heap after
{Heap after GC invocations=24 (full 1):
 garbage-first heap   total 78848K, used 23610K [0x0000000084c00000, 0x0000000100000000)
  region size 1024K, 0 young (0K), 0 survivors (0K)
 Metaspace       used 62398K, capacity 63966K, committed 64076K, reserved 1103872K
  class space    used 8162K, capacity 8752K, committed 8832K, reserved 1048576K
}
Event: 2345.607 GC heap before
{Heap before GC invocations=24 (full 1):
 garbage-first heap   total 78848K, used 57402K [0x0000000084c00000, 0x0000000100000000)
  region size 1024K, 33 young (33792K), 0 survivors (0K)
 Metaspace       used 62514K, capacity 64110K, committed 64332K, reserved 1105920K
  class space    used 8165K, capacity 8755K, committed 8832K, reserved 1048576K
}
Event: 2345.609 GC heap after
{Heap after GC invocations=25 (full 1):
 garbage-first heap   total 78848K, used 24983K [0x0000000084c00000, 0x0000000100000000)
  region size 1024K, 2 young (2048K), 2 survivors (2048K)
 Metaspace       used 62514K, capacity 64110K, committed 64332K, reserved 1105920K
  class space    used 8165K, capacity 8755K, committed 8832K, reserved 1048576K
}
Event: 2346.854 GC heap before
{Heap before GC invocations=25 (full 1):
 garbage-first heap   total 78848K, used 57751K [0x0000000084c00000, 0x0000000100000000)
  region size 1024K, 35 young (35840K), 2 survivors (2048K)
 Metaspace       used 62700K, capacity 64341K, committed 64588K, reserved 1105920K
  class space    used 8172K, capacity 8764K, committed 8832K, reserved 1048576K
}
Event: 2346.856 GC heap after
{Heap after GC invocations=26 (full 1):
 garbage-first heap   total 78848K, used 25733K [0x0000000084c00000, 0x0000000100000000)
  region size 1024K, 3 young (3072K), 3 survivors (3072K)
 Metaspace       used 62700K, capacity 64341K, committed 64588K, reserved 1105920K
  class space    used 8172K, capacity 8764K, committed 8832K, reserved 1048576K
}

