# JRE version: Java(TM) SE Runtime Environment (13.0.2+8) (build 13.0.2+8)
# Java VM: Java HotSpot(TM) 64-Bit Server VM (13.0.2+8, mixed mode, sharing, tiered, compressed oops, g1 gc, windows-amd64)
Heap:
 garbage-first heap   total 54272K, used 35212K [0x0000000084c00000, 0x0000000100000000)
  region size 1024K, 15 young (15360K), 3 survivors (3072K)
 Metaspace       used 52404K, capacity 53803K, committed 54092K, reserved 1095680K
  class space    used 6957K, capacity 7492K, committed 7552K, reserved 1048576K
GC Heap History (20 events):
Event: 4.587 GC heap before
{Heap before GC invocations=14 (full 0):
 garbage-first heap   total 45056K, used 34182K [0x0000000084c00000, 0x0000000100000000)
  region size 1024K, 20 young (20480K), 1 survivors (1024K)
 Metaspace       used 29379K, capacity 30399K, committed 30592K, reserved 1075200K
  class space    used 3720K, capacity 4100K, committed 4224K, reserved 1048576K
}
Event: 4.588 GC heap after
{Heap after GC invocations=15 (full 0):
 garbage-first heap   total 45056K, used 15758K [0x0000000084c00000, 0x0000000100000000)
  region size 1024K, 1 young (1024K), 1 survivors (1024K)
 Metaspace       used 29379K, capacity 30399K, committed 30592K, reserved 1075200K
  class space    used 3720K, capacity 4100K, committed 4224K, reserved 1048576K
}
Event: 4.845 GC heap before
{Heap before GC invocations=15 (full 0):
 garbage-first heap   total 45056K, used 35214K [0x0000000084c00000, 0x0000000100000000)
  region size 1024K, 21 young (21504K), 1 survivors (1024K)
 Metaspace       used 30364K, capacity 31353K, committed 31488K, reserved 1077248K
  class space    used 3848K, capacity 4248K, committed 4352K, reserved 1048576K
}
Event: 4.847 GC heap after
{Heap after GC invocations=16 (full 0):
 garbage-first heap   total 45056K, used 16109K [0x0000000084c00000, 0x0000000100000000)
  region size 1024K, 1 young (1024K), 1 survivors (1024K)
 Metaspace       used 30364K, capacity 31353K, committed 31488K, reserved 1077248K
  class space    used 3848K, capacity 4248K, committed 4352K, reserved 1048576K
}
Event: 5.166 GC heap before
{Heap before GC invocations=16 (full 0):
 garbage-first heap   total 45056K, used 35565K [0x0000000084c00000, 0x0000000100000000)
  region size 1024K, 21 young (21504K), 1 survivors (1024K)
 Metaspace       used 32909K, capacity 33933K, committed 34048K, reserved 1079296K
  class space    used 4138K, capacity 4551K, committed 4608K, reserved 1048576K
}
Event: 5.169 GC heap after
{Heap after GC invocations=17 (full 0):
 garbage-first heap   total 45056K, used 17371K [0x0000000084c00000, 0x0000000100000000)
  region size 1024K, 2 young (2048K), 2 survivors (2048K)
 Metaspace       used 32909K, capacity 33933K, committed 34048K, reserved 1079296K
  class space    used 4138K, capacity 4551K, committed 4608K, reserved 1048576K
}
Event: 5.324 GC heap before
{Heap before GC invocations=17 (full 0):
 garbage-first heap   total 45056K, used 29659K [0x0000000084c00000, 0x0000000100000000)
  region size 1024K, 15 young (15360K), 2 survivors (2048K)
 Metaspace       used 34777K, capacity 35809K, committed 35840K, reserved 1081344K
  class space    used 4457K, capacity 4854K, committed 4864K, reserved 1048576K
}
Event: 5.328 GC heap after
{Heap after GC invocations=18 (full 0):
 garbage-first heap   total 45056K, used 18197K [0x0000000084c00000, 0x0000000100000000)
  region size 1024K, 3 young (3072K), 3 survivors (3072K)
 Metaspace       used 34777K, capacity 35809K, committed 35840K, reserved 1081344K
  class space    used 4457K, capacity 4854K, committed 4864K, reserved 1048576K
}
Event: 5.579 GC heap before
{Heap before GC invocations=19 (full 0):
 garbage-first heap   total 45056K, used 32533K [0x0000000084c00000, 0x0000000100000000)
  region size 1024K, 18 young (18432K), 3 survivors (3072K)
 Metaspace       used 38214K, capacity 39319K, committed 39500K, reserved 1083392K
  class space    used 4951K, capacity 5384K, committed 5504K, reserved 1048576K
}
Event: 5.582 GC heap after
{Heap after GC invocations=20 (full 0):
 garbage-first heap   total 45056K, used 18975K [0x0000000084c00000, 0x0000000100000000)
  region size 1024K, 2 young (2048K), 2 survivors (2048K)
 Metaspace       used 38214K, capacity 39319K, committed 39500K, reserved 1083392K
  class space    used 4951K, capacity 5384K, committed 5504K, reserved 1048576K
}
Event: 5.819 GC heap before
{Heap before GC invocations=20 (full 0):
 garbage-first heap   total 45056K, used 33311K [0x0000000084c00000, 0x0000000100000000)
  region size 1024K, 17 young (17408K), 2 survivors (2048K)
 Metaspace       used 41423K, capacity 42560K, committed 42700K, reserved 1085440K
  class space    used 5358K, capacity 5782K, committed 5888K, reserved 1048576K
}
Event: 5.822 GC heap after
{Heap after GC invocations=21 (full 0):
 garbage-first heap   total 45056K, used 21149K [0x0000000084c00000, 0x0000000100000000)
  region size 1024K, 3 young (3072K), 3 survivors (3072K)
 Metaspace       used 41423K, capacity 42560K, committed 42700K, reserved 1085440K
  class space    used 5358K, capacity 5782K, committed 5888K, reserved 1048576K
}
Event: 5.998 GC heap before
{Heap before GC invocations=21 (full 0):
 garbage-first heap   total 45056K, used 34461K [0x0000000084c00000, 0x0000000100000000)
  region size 1024K, 16 young (16384K), 3 survivors (3072K)
 Metaspace       used 43602K, capacity 44755K, committed 45004K, reserved 1087488K
  class space    used 5663K, capacity 6087K, committed 6144K, reserved 1048576K
}
Event: 6.002 GC heap after
{Heap after GC invocations=22 (full 0):
 garbage-first heap   total 45056K, used 21921K [0x0000000084c00000, 0x0000000100000000)
  region size 1024K, 1 young (1024K), 1 survivors (1024K)
 Metaspace       used 43602K, capacity 44755K, committed 45004K, reserved 1087488K
  class space    used 5663K, capacity 6087K, committed 6144K, reserved 1048576K
}
Event: 6.186 GC heap before
{Heap before GC invocations=22 (full 0):
 garbage-first heap   total 45056K, used 35233K [0x0000000084c00000, 0x0000000100000000)
  region size 1024K, 14 young (14336K), 1 survivors (1024K)
 Metaspace       used 46443K, capacity 47542K, committed 47820K, reserved 1091584K
  class space    used 6142K, capacity 6585K, committed 6656K, reserved 1048576K
}
Event: 6.189 GC heap after
{Heap after GC invocations=23 (full 0):
 garbage-first heap   total 54272K, used 22156K [0x0000000084c00000, 0x0000000100000000)
  region size 1024K, 1 young (1024K), 1 survivors (1024K)
 Metaspace       used 46443K, capacity 47542K, committed 47820K, reserved 1091584K
  class space    used 6142K, capacity 6585K, committed 6656K, reserved 1048576K
}
Event: 6.506 GC heap before
{Heap before GC invocations=24 (full 0):
 garbage-first heap   total 54272K, used 38540K [0x0000000084c00000, 0x0000000100000000)
  region size 1024K, 17 young (17408K), 1 survivors (1024K)
 Metaspace       used 49619K, capacity 50815K, committed 51148K, reserved 1093632K
  class space    used 6586K, capacity 7057K, committed 7168K, reserved 1048576K
}
Event: 6.508 GC heap after
{Heap after GC invocations=25 (full 0):
 garbage-first heap   total 54272K, used 22718K [0x0000000084c00000, 0x0000000100000000)
  region size 1024K, 2 young (2048K), 2 survivors (2048K)
 Metaspace       used 49619K, capacity 50815K, committed 51148K, reserved 1093632K
  class space    used 6586K, capacity 7057K, committed 7168K, reserved 1048576K
}
Event: 6.770 GC heap before
{Heap before GC invocations=25 (full 0):
 garbage-first heap   total 54272K, used 39102K [0x0000000084c00000, 0x0000000100000000)
  region size 1024K, 18 young (18432K), 2 survivors (2048K)
 Metaspace       used 51328K, capacity 52676K, committed 52940K, reserved 1095680K
  class space    used 6823K, capacity 7337K, committed 7424K, reserved 1048576K
}
Event: 6.773 GC heap after
{Heap after GC invocations=26 (full 0):
 garbage-first heap   total 54272K, used 23948K [0x0000000084c00000, 0x0000000100000000)
  region size 1024K, 3 young (3072K), 3 survivors (3072K)
 Metaspace       used 51328K, capacity 52676K, committed 52940K, reserved 1095680K
  class space    used 6823K, capacity 7337K, committed 7424K, reserved 1048576K
}

